  main.cpp
c:\users\17370\onedrive\cs-homework\c++\sjtu_lab2\lab2\lab2\graph.h(45): warning C4305: “初始化”: 从“Graph_lib::Color::Transparency”到“char”截断
c:\users\17370\onedrive\cs-homework\c++\sjtu_lab2\lab2\lab2\graph.h(45): warning C4309: “初始化”: 截断常量值
c:\users\17370\onedrive\cs-homework\c++\sjtu_lab2\lab2\lab2\graph.h(47): warning C4305: “初始化”: 从“Graph_lib::Color::Transparency”到“char”截断
c:\users\17370\onedrive\cs-homework\c++\sjtu_lab2\lab2\lab2\graph.h(47): warning C4309: “初始化”: 截断常量值
c:\users\17370\onedrive\cs-homework\c++\sjtu_lab2\lab2\lab2\gui.h(107): warning C4018: “<”: 有符号/无符号不匹配
c:\users\17370\onedrive\cs-homework\c++\sjtu_lab2\lab2\lab2\gui.h(112): warning C4018: “<”: 有符号/无符号不匹配
c:\users\17370\onedrive\cs-homework\c++\sjtu_lab2\lab2\lab2\gui.h(117): warning C4018: “<”: 有符号/无符号不匹配
c:\users\17370\onedrive\cs-homework\c++\sjtu_lab2\lab2\lab2\main.cpp(11): error C2065: “Lines_window”: 未声明的标识符
c:\users\17370\onedrive\cs-homework\c++\sjtu_lab2\lab2\lab2\main.cpp(11): error C2146: 语法错误: 缺少“;”(在标识符“win”的前面)
c:\users\17370\onedrive\cs-homework\c++\sjtu_lab2\lab2\lab2\main.cpp(11): error C3861: “win”: 找不到标识符
c:\users\17370\onedrive\cs-homework\c++\sjtu_lab2\lab2\lab2\main.cpp(12): error C3861: “gui_main”: 找不到标识符
